<?xml version="1.0" encoding="UTF-8"?>
<!-- Generated by org.testng.reporters.JUnitXMLReporter -->
<testsuite hostname="WKSPUN05DR31109" name="TestCase_017" tests="1" failures="1" timestamp="16 Mar 2016 11:30:16 GMT" time="95.169" errors="0">
  <testcase name="TestCase_017" time="76.64" classname="com.qcim.SuiteFive.Verify_EmployeeDashboard">
    <failure type="java.lang.AssertionError" message="The following asserts failed:
 Dashboard count = 107 on # of Loans &amp;gt; 365 Days is less than or equal to zero(0) 
,  Dashboard count = 93 on # of Loans Agreed to Repurchase is less than or equal to zero(0) 
">
      <![CDATA[java.lang.AssertionError: The following asserts failed:
 Dashboard count = 107 on # of Loans > 365 Days is less than or equal to zero(0) 
,  Dashboard count = 93 on # of Loans Agreed to Repurchase is less than or equal to zero(0) 

	at com.qcim.SuiteFive.Verify_EmployeeDashboard.TestCase_017(Verify_EmployeeDashboard.java:151)
... Removed 25 stack frames]]>
    </failure>
  </testcase> <!-- TestCase_017 -->
</testsuite> <!-- TestCase_017 -->
