<?xml version="1.0" encoding="UTF-8"?>
<!-- Generated by org.testng.reporters.JUnitXMLReporter -->
<testsuite hostname="WKSPUN05DR37313" name="Test" tests="13" failures="0" timestamp="28 Jul 2015 05:00:34 GMT" time="1.125" errors="0">
  <testcase name="@BeforeTest checkCaseToRun" time="0.0" classname="com.qcim.SuiteTwo.Verify_AppealsTabRecords">
    <failure type="java.lang.NullPointerException">
      <![CDATA[java.lang.NullPointerException
	at com.qcim.utility.ExcelUtils.retrieveToRunFlag(ExcelUtils.java:287)
	at com.qcim.utility.Utils.checkToRunUtility(Utils.java:30)
	at com.qcim.SuiteTwo.Verify_AppealsTabRecords.checkCaseToRun(Verify_AppealsTabRecords.java:53)
... Removed 22 stack frames]]>
    </failure>
  </testcase> <!-- @BeforeTest checkCaseToRun -->
  <testcase name="@BeforeTest checkCaseToRun" time="0.0" classname="com.qcim.SuiteTwo.Verify_AppealsTabRecords">
    <skipped/>
  </testcase> <!-- @BeforeTest checkCaseToRun -->
  <testcase name="@BeforeTest checkCaseToRun" time="0.0" classname="com.qcim.SuiteTwo.Verify_AppealsTabRecords">
    <skipped/>
  </testcase> <!-- @BeforeTest checkCaseToRun -->
  <testcase name="@BeforeTest checkCaseToRun" time="0.0" classname="com.qcim.SuiteTwo.Verify_AppealsTabRecords">
    <skipped/>
  </testcase> <!-- @BeforeTest checkCaseToRun -->
  <testcase name="@BeforeTest checkCaseToRun" time="0.0" classname="com.qcim.SuiteTwo.Verify_AppealsTabRecords">
    <skipped/>
  </testcase> <!-- @BeforeTest checkCaseToRun -->
  <testcase name="@BeforeTest checkCaseToRun" time="0.0" classname="com.qcim.SuiteTwo.Verify_AppealsTabRecords">
    <skipped/>
  </testcase> <!-- @BeforeTest checkCaseToRun -->
  <testcase name="@BeforeTest checkCaseToRun" time="0.0" classname="com.qcim.SuiteTwo.Verify_AppealsTabRecords">
    <skipped/>
  </testcase> <!-- @BeforeTest checkCaseToRun -->
  <testcase name="@BeforeTest checkCaseToRun" time="0.0" classname="com.qcim.SuiteTwo.Verify_AppealsTabRecords">
    <skipped/>
  </testcase> <!-- @BeforeTest checkCaseToRun -->
  <testcase name="@BeforeTest checkCaseToRun" time="0.0" classname="com.qcim.SuiteTwo.Verify_AppealsTabRecords">
    <skipped/>
  </testcase> <!-- @BeforeTest checkCaseToRun -->
  <testcase name="@BeforeTest checkCaseToRun" time="0.0" classname="com.qcim.SuiteTwo.Verify_AppealsTabRecords">
    <skipped/>
  </testcase> <!-- @BeforeTest checkCaseToRun -->
  <testcase name="@BeforeTest checkCaseToRun" time="0.0" classname="com.qcim.SuiteTwo.Verify_AppealsTabRecords">
    <skipped/>
  </testcase> <!-- @BeforeTest checkCaseToRun -->
  <testcase name="@BeforeTest checkCaseToRun" time="0.0" classname="com.qcim.SuiteTwo.Verify_AppealsTabRecords">
    <skipped/>
  </testcase> <!-- @BeforeTest checkCaseToRun -->
  <testcase name="@BeforeTest checkCaseToRun" time="0.0" classname="com.qcim.SuiteTwo.Verify_AppealsTabRecords">
    <skipped/>
  </testcase> <!-- @BeforeTest checkCaseToRun -->
  <testcase name="@AfterMethod reporterDataResults" time="0.0" classname="com.qcim.SuiteTwo.Verify_AppealsTabRecords">
    <skipped/>
  </testcase> <!-- @AfterMethod reporterDataResults -->
  <testcase name="@AfterTest afterMethod" time="0.0" classname="com.qcim.SuiteTwo.Verify_AppealsTabRecords">
    <skipped/>
  </testcase> <!-- @AfterTest afterMethod -->
  <testcase name="@AfterTest afterMethod" time="0.0" classname="com.qcim.SuiteTwo.Verify_AppealsTabRecords">
    <skipped/>
  </testcase> <!-- @AfterTest afterMethod -->
  <testcase name="@AfterTest afterMethod" time="0.0" classname="com.qcim.SuiteTwo.Verify_AppealsTabRecords">
    <skipped/>
  </testcase> <!-- @AfterTest afterMethod -->
  <testcase name="@AfterTest afterMethod" time="0.0" classname="com.qcim.SuiteTwo.Verify_AppealsTabRecords">
    <skipped/>
  </testcase> <!-- @AfterTest afterMethod -->
  <testcase name="@AfterTest afterMethod" time="0.0" classname="com.qcim.SuiteTwo.Verify_AppealsTabRecords">
    <skipped/>
  </testcase> <!-- @AfterTest afterMethod -->
  <testcase name="@AfterTest afterMethod" time="0.0" classname="com.qcim.SuiteTwo.Verify_AppealsTabRecords">
    <skipped/>
  </testcase> <!-- @AfterTest afterMethod -->
  <testcase name="@AfterTest afterMethod" time="0.0" classname="com.qcim.SuiteTwo.Verify_AppealsTabRecords">
    <skipped/>
  </testcase> <!-- @AfterTest afterMethod -->
  <testcase name="@AfterTest afterMethod" time="0.0" classname="com.qcim.SuiteTwo.Verify_AppealsTabRecords">
    <skipped/>
  </testcase> <!-- @AfterTest afterMethod -->
  <testcase name="@AfterTest afterMethod" time="0.0" classname="com.qcim.SuiteTwo.Verify_AppealsTabRecords">
    <skipped/>
  </testcase> <!-- @AfterTest afterMethod -->
  <testcase name="@AfterTest afterMethod" time="0.0" classname="com.qcim.SuiteTwo.Verify_AppealsTabRecords">
    <skipped/>
  </testcase> <!-- @AfterTest afterMethod -->
  <testcase name="@AfterTest afterMethod" time="0.0" classname="com.qcim.SuiteTwo.Verify_AppealsTabRecords">
    <skipped/>
  </testcase> <!-- @AfterTest afterMethod -->
  <testcase name="@AfterTest afterMethod" time="0.0" classname="com.qcim.SuiteTwo.Verify_AppealsTabRecords">
    <skipped/>
  </testcase> <!-- @AfterTest afterMethod -->
  <testcase name="@AfterTest afterMethod" time="0.0" classname="com.qcim.SuiteTwo.Verify_AppealsTabRecords">
    <skipped/>
  </testcase> <!-- @AfterTest afterMethod -->
  <testcase name="TestCase_010" time="0.031" classname="com.qcim.SuiteThree.Verify_ColIncomDocDesc">
    <skipped/>
  </testcase> <!-- TestCase_010 -->
  <testcase name="TestCase_008" time="0.0" classname="com.qcim.SuiteThree.Verify_ColMissDocDesc">
    <skipped/>
  </testcase> <!-- TestCase_008 -->
  <testcase name="TestCase_003" time="0.0" classname="com.qcim.SuiteOne.Verify_QuickReportcount">
    <skipped/>
  </testcase> <!-- TestCase_003 -->
  <testcase name="TestCase_005" time="0.0" classname="com.qcim.SuiteTwo.Verify_MissingDocsRecords">
    <skipped/>
  </testcase> <!-- TestCase_005 -->
  <testcase name="TestCase_001" time="0.0" classname="com.qcim.SuiteOne.Verify_SiteAvailability">
    <skipped/>
  </testcase> <!-- TestCase_001 -->
  <testcase name="TestCase_002" time="0.0" classname="com.qcim.SuiteOne.Verify_DataasofDate">
    <skipped/>
  </testcase> <!-- TestCase_002 -->
  <testcase name="TestCase_013" time="0.0" classname="com.qcim.SuiteFour.Verify_IncompleteDateOrdered">
    <skipped/>
  </testcase> <!-- TestCase_013 -->
  <testcase name="TestCase_006" time="0.0" classname="com.qcim.SuiteTwo.Verify_IncompleteDocsRecords">
    <skipped/>
  </testcase> <!-- TestCase_006 -->
  <testcase name="TestCase_009" time="0.0" classname="com.qcim.SuiteFour.Verify_LoansTab_1stFileReqDate">
    <skipped/>
  </testcase> <!-- TestCase_009 -->
  <testcase name="TestCase_007" time="0.0" classname="com.qcim.SuiteTwo.Verify_AppealsTabRecords">
    <skipped/>
  </testcase> <!-- TestCase_007 -->
  <testcase name="TestCase_012" time="0.0" classname="com.qcim.SuiteFour.Verify_MissingDateOrdered">
    <skipped/>
  </testcase> <!-- TestCase_012 -->
  <testcase name="TestCase_004" time="0.0" classname="com.qcim.SuiteTwo.Verify_LoansTabRecords">
    <skipped/>
  </testcase> <!-- TestCase_004 -->
  <testcase name="TestCase_011" time="0.0" classname="com.qcim.SuiteFour.Verify_DocUploadtab">
    <skipped/>
  </testcase> <!-- TestCase_011 -->
</testsuite> <!-- Test -->
