<?xml version="1.0" encoding="UTF-8"?>
<!-- Generated by org.testng.reporters.JUnitXMLReporter -->
<testsuite hostname="WKSPUN05DR37313" name="TestCase_001" tests="1" failures="0" timestamp="28 Jul 2015 05:35:40 GMT" time="1.078" errors="0">
  <testcase name="@BeforeTest checkCaseToRun" time="0.0" classname="com.qcim.SuiteOne.Verify_SiteAvailability">
    <failure type="java.lang.NullPointerException">
      <![CDATA[java.lang.NullPointerException
	at com.qcim.utility.ExcelUtils.retrieveToRunFlag(ExcelUtils.java:287)
	at com.qcim.utility.Utils.checkToRunUtility(Utils.java:30)
	at com.qcim.SuiteOne.Verify_SiteAvailability.checkCaseToRun(Verify_SiteAvailability.java:53)
... Removed 22 stack frames]]>
    </failure>
  </testcase> <!-- @BeforeTest checkCaseToRun -->
  <testcase name="@AfterMethod reporterDataResults" time="0.0" classname="com.qcim.SuiteOne.Verify_SiteAvailability">
    <skipped/>
  </testcase> <!-- @AfterMethod reporterDataResults -->
  <testcase name="@AfterTest afterMethod" time="0.0" classname="com.qcim.SuiteOne.Verify_SiteAvailability">
    <skipped/>
  </testcase> <!-- @AfterTest afterMethod -->
  <testcase name="TestCase_001" time="0.0" classname="com.qcim.SuiteOne.Verify_SiteAvailability">
    <skipped/>
  </testcase> <!-- TestCase_001 -->
</testsuite> <!-- TestCase_001 -->
