<?xml version="1.0" encoding="UTF-8"?>
<!-- Generated by org.testng.reporters.JUnitXMLReporter -->
<testsuite hostname="WKSPUN05DR37313" name="TestCase_014" tests="1" failures="0" timestamp="28 Jul 2015 04:48:19 GMT" time="0.14" errors="0">
  <testcase name="@BeforeTest checkCaseToRun" time="0.0" classname="com.qcim.SuiteFour.Verify_AppealDtAppealReceived">
    <skipped/>
  </testcase> <!-- @BeforeTest checkCaseToRun -->
  <testcase name="@AfterTest afterMethod" time="0.0" classname="com.qcim.SuiteFour.Verify_AppealDtAppealReceived">
    <skipped/>
  </testcase> <!-- @AfterTest afterMethod -->
  <testcase name="TestCase_014" time="0.0" classname="com.qcim.SuiteFour.Verify_AppealDtAppealReceived">
    <skipped/>
  </testcase> <!-- TestCase_014 -->
</testsuite> <!-- TestCase_014 -->
